Microsoft HTML Help Compiler 4.74.8702

Compiling d:\Develop\ODBCQueryTool\ReferenceGuide\ODBCQueryTool.chm

default.css
EDO.jpg
ODBCQuickReference\Elements\Datatypes.htm
ODBCQuickReference\Elements\OBJECT PRIVILEGES.htm
ODBCQuickReference\Elements\Operators.htm
ODBCQuickReference\Elements\Privileges.htm
ODBCQuickReference\Elements\Pseudocolumns.htm
ODBCQuickReference\Functions\Conversion Functions.htm
ODBCQuickReference\Functions\Group Functions.htm
ODBCQuickReference\Functions\Numeric_functions.htm
ODBCQuickReference\Functions\String_functions.htm
ODBCQuickReference\Functions\System_functions.htm
ODBCQuickReference\Functions\Time_Date_Interval_Functions.htm
ODBCQuickReference\ODBC_SQL_Reference.htm
ODBCQuickReference\SQL_Elements\base-table-name.htm
ODBCQuickReference\SQL_Elements\column-name.htm
ODBCQuickReference\SQL_Elements\data-type.htm
ODBCQuickReference\SQL_Elements\expression.htm
ODBCQuickReference\SQL_Elements\pattern.htm
ODBCQuickReference\SQL_Elements\referenced-table-name.htm
ODBCQuickReference\SQL_Elements\search-condition.htm
ODBCQuickReference\Statements\ALTER TABLE.htm
ODBCQuickReference\Statements\COMMIT.htm
ODBCQuickReference\Statements\CREATE INDEX.htm
ODBCQuickReference\Statements\CREATE SCHEMA.htm
ODBCQuickReference\Statements\CREATE TABLE.htm
ODBCQuickReference\Statements\CREATE VIEW.htm
ODBCQuickReference\Statements\DELETE.htm
ODBCQuickReference\Statements\DROP INDEX.htm
ODBCQuickReference\Statements\DROP TABLE.htm
ODBCQuickReference\Statements\DROP VIEW.htm
ODBCQuickReference\Statements\GRANT (Object Privileges).htm
ODBCQuickReference\Statements\GRANT (System Privileges and Roles).htm
ODBCQuickReference\Statements\INSERT.htm
ODBCQuickReference\Statements\REVOKE_(Object_Privileges).htm
ODBCQuickReference\Statements\REVOKE_(System_Privileges).htm
ODBCQuickReference\Statements\ROLLBACK.htm
ODBCQuickReference\Statements\SELECT.htm
ODBCQuickReference\Statements\UPDATE.htm
Querying\Querying.htm
RoboHHRE.lng
TheEditor\The_open_editor.htm
Welcome.htm
HHC5003: Error: Compilation failed while compiling C:\Develop\ODBCQueryTool\ReferenceGuide\ODBCQueryTool.hhc.
HHC5003: Error: Compilation failed while compiling C:\Develop\ODBCQueryTool\ReferenceGuide\ODBCQueryTool.hhk.
ODBC_Reference.css
ODBCQuickReference\Pictures\Real_datatypes.bmp
ODBCQuickReference\Pictures\Grant.bmp
ODBCQuickReference\Pictures\PseudoColumns.bmp
ODBCQuickReference\Pictures\Conversion_functions.bmp
ODBCQuickReference\Pictures\Table_names.bmp
ODBCQuickReference\Pictures\Data_types.bmp
ODBCQuickReference\Pictures\Alter_table.bmp
ODBCQuickReference\Pictures\Index.bmp
ODBCQuickReference\Pictures\Create_schema.bmp
ODBCQuickReference\Pictures\Create_table.bmp
ODBCQuickReference\Pictures\Create_view.bmp
ODBCQuickReference\Pictures\Delete.bmp
ODBCQuickReference\Pictures\Drop_table.bmp
ODBCQuickReference\Pictures\Drop_view.bmp
ODBCQuickReference\Pictures\Insert.bmp
ODBCQuickReference\Pictures\Revoke.bmp
ODBCQuickReference\Pictures\Select.bmp


The following files were not compiled:
C:\Develop\ODBCQueryTool\ReferenceGuide\ODBCQueryTool.hhc
C:\Develop\ODBCQueryTool\ReferenceGuide\ODBCQueryTool.hhk
